[2026-01-30 09:58:28] ========================================
[2026-01-30 09:58:28] 图片清理任务开始
[2026-01-30 09:58:28] 时间: 2026-01-30 09:58:28
[2026-01-30 09:58:28] 天数阈值: 30 天
[2026-01-30 09:58:28] 预览模式: 是
[2026-01-30 09:58:28] 保留测试图片: 是
[2026-01-30 09:58:28] ========================================
[2026-01-30 09:58:28] 数据库中正在使用的图片数量: 10
[2026-01-30 09:58:28] 跳过使用中的图片: 1769766679_e31fae74598f6206.jpg
[2026-01-30 09:58:28] 跳过测试图片: test-cover-1.jpg
[2026-01-30 09:58:28] 跳过测试图片: test-cover-10.jpg
[2026-01-30 09:58:28] 跳过测试图片: test-cover-2.jpg
[2026-01-30 09:58:28] 跳过测试图片: test-cover-3.jpg
[2026-01-30 09:58:28] 跳过测试图片: test-cover-4.jpg
[2026-01-30 09:58:28] 跳过测试图片: test-cover-5.jpg
[2026-01-30 09:58:28] 跳过测试图片: test-cover-6.jpg
[2026-01-30 09:58:28] 跳过测试图片: test-cover-7.jpg
[2026-01-30 09:58:28] 跳过测试图片: test-cover-8.jpg
[2026-01-30 09:58:28] 跳过测试图片: test-cover-9.jpg
[2026-01-30 09:58:28] ========================================
[2026-01-30 09:58:28] 清理完成
[2026-01-30 09:58:28] 扫描文件总数: 11
[2026-01-30 09:58:28] 跳过文件数: 11
[2026-01-30 09:58:28] 清理文件数: 0
[2026-01-30 09:58:28] 总文件大小: 1011.61 KB
[2026-01-30 09:58:28] 清理文件大小: 0 B
[2026-01-30 09:58:28] ========================================
[2026-01-30 09:58:47] ========================================
[2026-01-30 09:58:47] 图片清理任务开始
[2026-01-30 09:58:47] 时间: 2026-01-30 09:58:47
[2026-01-30 09:58:47] 天数阈值: 7 天
[2026-01-30 09:58:47] 预览模式: 是
[2026-01-30 09:58:47] 保留测试图片: 否
[2026-01-30 09:58:47] ========================================
[2026-01-30 09:58:47] 数据库中正在使用的图片数量: 10
[2026-01-30 09:58:47] 跳过使用中的图片: 1769766679_e31fae74598f6206.jpg
[2026-01-30 09:58:47] 跳过使用中的图片: test-cover-1.jpg
[2026-01-30 09:58:47] 跳过最近修改的图片: test-cover-10.jpg (修改于 0 天前)
[2026-01-30 09:58:47] 跳过使用中的图片: test-cover-2.jpg
[2026-01-30 09:58:47] 跳过使用中的图片: test-cover-3.jpg
[2026-01-30 09:58:47] 跳过使用中的图片: test-cover-4.jpg
[2026-01-30 09:58:47] 跳过使用中的图片: test-cover-5.jpg
[2026-01-30 09:58:47] 跳过使用中的图片: test-cover-6.jpg
[2026-01-30 09:58:47] 跳过使用中的图片: test-cover-7.jpg
[2026-01-30 09:58:47] 跳过使用中的图片: test-cover-8.jpg
[2026-01-30 09:58:47] 跳过使用中的图片: test-cover-9.jpg
[2026-01-30 09:58:47] [预览] 将删除: unused-image-1.jpg (5 B, 修改于 760.4 天前)
[2026-01-30 09:58:47] 跳过最近修改的图片: unused-image-2.jpg (修改于 0 天前)
[2026-01-30 09:58:47] ========================================
[2026-01-30 09:58:47] 清理完成
[2026-01-30 09:58:47] 扫描文件总数: 13
[2026-01-30 09:58:47] 跳过文件数: 12
[2026-01-30 09:58:47] 清理文件数: 1
[2026-01-30 09:58:47] 总文件大小: 1011.62 KB
[2026-01-30 09:58:47] 清理文件大小: 5 B
[2026-01-30 09:58:47] ========================================
[2026-01-30 09:58:56] ========================================
[2026-01-30 09:58:56] 图片清理任务开始
[2026-01-30 09:58:56] 时间: 2026-01-30 09:58:56
[2026-01-30 09:58:56] 天数阈值: 7 天
[2026-01-30 09:58:56] 预览模式: 否
[2026-01-30 09:58:56] 保留测试图片: 否
[2026-01-30 09:58:56] ========================================
[2026-01-30 09:58:56] 数据库中正在使用的图片数量: 10
[2026-01-30 09:58:56] 跳过使用中的图片: 1769766679_e31fae74598f6206.jpg
[2026-01-30 09:58:56] 跳过使用中的图片: test-cover-1.jpg
[2026-01-30 09:58:56] 跳过最近修改的图片: test-cover-10.jpg (修改于 0 天前)
[2026-01-30 09:58:56] 跳过使用中的图片: test-cover-2.jpg
[2026-01-30 09:58:56] 跳过使用中的图片: test-cover-3.jpg
[2026-01-30 09:58:56] 跳过使用中的图片: test-cover-4.jpg
[2026-01-30 09:58:56] 跳过使用中的图片: test-cover-5.jpg
[2026-01-30 09:58:56] 跳过使用中的图片: test-cover-6.jpg
[2026-01-30 09:58:56] 跳过使用中的图片: test-cover-7.jpg
[2026-01-30 09:58:56] 跳过使用中的图片: test-cover-8.jpg
[2026-01-30 09:58:56] 跳过使用中的图片: test-cover-9.jpg
[2026-01-30 09:58:56] 已移动到备份: unused-image-1.jpg -> /var/www/html/uploads/backup/20260130_095856_unused-image-1.jpg (5 B)
[2026-01-30 09:58:56] 跳过最近修改的图片: unused-image-2.jpg (修改于 0 天前)
[2026-01-30 09:58:56] ========================================
[2026-01-30 09:58:56] 清理完成
[2026-01-30 09:58:56] 扫描文件总数: 13
[2026-01-30 09:58:56] 跳过文件数: 12
[2026-01-30 09:58:56] 清理文件数: 1
[2026-01-30 09:58:56] 总文件大小: 1011.62 KB
[2026-01-30 09:58:56] 清理文件大小: 5 B
[2026-01-30 09:58:56] ========================================
[2026-01-30 10:02:50] ========================================
[2026-01-30 10:02:50] 图片清理任务开始
[2026-01-30 10:02:50] 时间: 2026-01-30 10:02:50
[2026-01-30 10:02:50] 天数阈值: 30 天
[2026-01-30 10:02:50] 预览模式: 否
[2026-01-30 10:02:50] 保留测试图片: 是
[2026-01-30 10:02:50] ========================================
[2026-01-30 10:02:50] 数据库中正在使用的图片数量: 10
[2026-01-30 10:02:50] 跳过使用中的图片: 1769766679_e31fae74598f6206.jpg
[2026-01-30 10:02:50] 跳过测试图片: test-cover-1.jpg
[2026-01-30 10:02:50] 跳过测试图片: test-cover-10.jpg
[2026-01-30 10:02:50] 跳过测试图片: test-cover-2.jpg
[2026-01-30 10:02:50] 跳过测试图片: test-cover-3.jpg
[2026-01-30 10:02:50] 跳过测试图片: test-cover-4.jpg
[2026-01-30 10:02:50] 跳过测试图片: test-cover-5.jpg
[2026-01-30 10:02:50] 跳过测试图片: test-cover-6.jpg
[2026-01-30 10:02:50] 跳过测试图片: test-cover-7.jpg
[2026-01-30 10:02:50] 跳过测试图片: test-cover-8.jpg
[2026-01-30 10:02:50] 跳过测试图片: test-cover-9.jpg
[2026-01-30 10:02:50] ========================================
[2026-01-30 10:02:50] 清理完成
[2026-01-30 10:02:50] 扫描文件总数: 11
[2026-01-30 10:02:50] 跳过文件数: 11
[2026-01-30 10:02:50] 清理文件数: 0
[2026-01-30 10:02:50] 总文件大小: 1011.61 KB
[2026-01-30 10:02:50] 清理文件大小: 0 B
[2026-01-30 10:02:50] ========================================
